<?xml version="1.0" encoding="UTF-8"?>
<!-- Generated by org.testng.reporters.JUnitReportReporter -->
<testsuite skipped="0" hostname="DESKTOP-8LOOPLG" name="com.qa.testscripts.HmProject" tests="10" failures="0" timestamp="2021-05-04T14:44:00 IST" time="232.472" errors="0">
  <testcase name="acceptCookies" time="0.622" classname="com.qa.testscripts.HmProject"/>
  <system-out/>
  <testcase name="failedLogin" time="13.387" classname="com.qa.testscripts.HmProject"/>
  <system-out>
The user should register with hm account or should enter valid email/ password  </system-out>
  <testcase name="login" time="10.253" classname="com.qa.testscripts.HmProject"/>
  <system-out/>
  <testcase name="categories" time="47.448" classname="com.qa.testscripts.HmProject"/>
  <system-out/>
  <testcase name="searchgItems" time="35.189" classname="com.qa.testscripts.HmProject"/>
  <system-out>
Navigating back  </system-out>
  <testcase name="searchgItems" time="36.431" classname="com.qa.testscripts.HmProject"/>
  <system-out>
Navigating back  </system-out>
  <testcase name="searchgItems" time="37.437" classname="com.qa.testscripts.HmProject"/>
  <system-out>
Navigating back  </system-out>
  <testcase name="searchgItems" time="37.385" classname="com.qa.testscripts.HmProject"/>
  <system-out>
Navigating back  </system-out>
  <testcase name="shoppingBag" time="7.081" classname="com.qa.testscripts.HmProject"/>
  <system-out>
The user is checking Bag  </system-out>
  <testcase name="logOut" time="7.239" classname="com.qa.testscripts.HmProject"/>
  <system-out>
Signing Out  </system-out>
</testsuite> <!-- com.qa.testscripts.HmProject -->
