<?xml version="1.0" encoding="UTF-8"?>
<!-- Generated by org.testng.reporters.JUnitReportReporter -->
<testsuite skipped="0" hostname="DESKTOP-8LOOPLG" name="com.qa.testscripts.HmProject" tests="10" failures="0" timestamp="2021-05-04T18:13:10 IST" time="226.430" errors="0">
  <testcase name="acceptCookies" time="0.512" classname="com.qa.testscripts.HmProject"/>
  <system-out>
Cookies are accepted!! Ready to Sign in...  </system-out>
  <testcase name="failedLogin" time="12.479" classname="com.qa.testscripts.HmProject"/>
  <system-out>
The user should register with hm account or should enter valid email/ password  </system-out>
  <testcase name="login" time="9.025" classname="com.qa.testscripts.HmProject"/>
  <system-out/>
  <testcase name="categories" time="44.787" classname="com.qa.testscripts.HmProject"/>
  <system-out/>
  <testcase name="searchgItems" time="35.068" classname="com.qa.testscripts.HmProject"/>
  <system-out>
Navigating back  </system-out>
  <testcase name="searchgItems" time="35.045" classname="com.qa.testscripts.HmProject"/>
  <system-out>
Navigating back  </system-out>
  <testcase name="searchgItems" time="41.633" classname="com.qa.testscripts.HmProject"/>
  <system-out>
Navigating back  </system-out>
  <testcase name="searchgItems" time="34.365" classname="com.qa.testscripts.HmProject"/>
  <system-out>
Navigating back  </system-out>
  <testcase name="shoppingBag" time="6.671" classname="com.qa.testscripts.HmProject"/>
  <system-out>
The user is checking Bag  </system-out>
  <testcase name="logOut" time="6.845" classname="com.qa.testscripts.HmProject"/>
  <system-out>
Signing Out  </system-out>
</testsuite> <!-- com.qa.testscripts.HmProject -->
