<?xml version="1.0" encoding="UTF-8"?>
<!-- Generated by org.testng.reporters.JUnitReportReporter -->
<testsuite skipped="0" hostname="DESKTOP-8LOOPLG" name="com.qa.testscripts.HmProject" tests="10" failures="0" timestamp="2021-05-04T19:01:14 IST" time="330.357" errors="0">
  <testcase name="acceptCookies" time="0.413" classname="com.qa.testscripts.HmProject"/>
  <system-out>
    <![CDATA[Cookies are accepted!! Ready to Sign in...]]>
  </system-out>
  <testcase name="failedLogin" time="13.680" classname="com.qa.testscripts.HmProject"/>
  <system-out>
    <![CDATA[The user should register with hm account or should enter valid email/ password]]>
  </system-out>
  <testcase name="login" time="9.463" classname="com.qa.testscripts.HmProject"/>
  <system-out/>
  <testcase name="categories" time="46.794" classname="com.qa.testscripts.HmProject"/>
  <system-out/>
  <testcase name="searchgItems" time="55.507" classname="com.qa.testscripts.HmProject"/>
  <system-out>
    <![CDATA[Navigating back]]>
  </system-out>
  <testcase name="searchgItems" time="50.396" classname="com.qa.testscripts.HmProject"/>
  <system-out>
    <![CDATA[Navigating back]]>
  </system-out>
  <testcase name="searchgItems" time="68.863" classname="com.qa.testscripts.HmProject"/>
  <system-out>
    <![CDATA[Navigating back]]>
  </system-out>
  <testcase name="searchgItems" time="60.872" classname="com.qa.testscripts.HmProject"/>
  <system-out>
    <![CDATA[Navigating back]]>
  </system-out>
  <testcase name="shoppingBag" time="11.070" classname="com.qa.testscripts.HmProject"/>
  <system-out>
    <![CDATA[The user is checking Bag]]>
  </system-out>
  <testcase name="logOut" time="13.299" classname="com.qa.testscripts.HmProject"/>
  <system-out>
    <![CDATA[Signing Out]]>
  </system-out>
</testsuite> <!-- com.qa.testscripts.HmProject -->
